<?xml version="1.0" encoding="UTF-8"?>
<testng-results ignored="0" total="1" passed="1" failed="0" skipped="0">
  <reporter-output>
  </reporter-output>
  <suite started-at="2026-07-04T15:26:03 IST" name="Surefire suite" finished-at="2026-07-04T15:26:03 IST" duration-ms="34">
    <groups>
    </groups>
    <test started-at="2026-07-04T15:26:03 IST" name="Surefire test" finished-at="2026-07-04T15:26:03 IST" duration-ms="34">
      <class name="com.example.AppTest">
        <test-method signature="hello()[pri:0, instance:com.example.AppTest@79ad8b2f]" started-at="2026-07-04T15:26:03 IST" name="hello" finished-at="2026-07-04T15:26:03 IST" duration-ms="17" status="PASS">
          <reporter-output>
          </reporter-output>
        </test-method> <!-- hello -->
      </class> <!-- com.example.AppTest -->
    </test> <!-- Surefire test -->
  </suite> <!-- Surefire suite -->
</testng-results>
